TN:
SF:app.ts
FN:8,App
FN:16,middleware
FN:20,database
FN:30,routes
FNF:4
FNH:4
FNDA:4,App
FNDA:4,middleware
FNDA:4,database
FNDA:4,routes
DA:1,1
DA:2,1
DA:3,1
DA:4,1
DA:5,1
DA:6,1
DA:7,1
DA:8,1
DA:9,4
DA:10,4
DA:11,4
DA:12,4
DA:13,4
DA:14,1
DA:15,1
DA:16,1
DA:17,4
DA:18,4
DA:19,1
DA:20,1
DA:21,4
DA:22,4
DA:23,4
DA:24,4
DA:25,4
DA:26,0
DA:27,0
DA:28,4
DA:29,1
DA:30,1
DA:31,4
DA:32,4
DA:33,1
DA:34,1
DA:35,1
LF:35
LH:33
BRDA:8,0,0,4
BRDA:16,1,0,4
BRDA:20,2,0,4
BRDA:25,3,0,0
BRDA:30,4,0,4
BRF:5
BRH:4
end_of_record
TN:
SF:routes.ts
FNF:0
FNH:0
DA:1,1
DA:2,1
DA:3,1
DA:4,1
DA:5,1
DA:6,1
DA:7,1
DA:8,1
DA:9,1
DA:10,1
DA:11,1
DA:12,1
DA:13,1
DA:14,1
DA:15,1
DA:16,1
DA:17,1
DA:18,1
DA:19,1
DA:20,1
DA:21,1
DA:22,1
DA:23,1
DA:24,1
DA:25,1
DA:26,1
DA:27,1
DA:28,1
DA:29,1
DA:30,1
DA:31,1
DA:32,1
DA:33,1
DA:34,1
DA:35,1
DA:36,1
DA:37,1
DA:38,1
DA:39,1
DA:40,1
LF:40
LH:40
BRF:0
BRH:0
end_of_record
TN:
SF:src\api\api.controller.ts
FN:8,createDB
FNF:1
FNH:1
FNDA:1,createDB
DA:1,1
DA:2,1
DA:3,1
DA:4,1
DA:5,1
DA:6,1
DA:7,1
DA:8,1
DA:9,1
DA:10,1
DA:11,1
DA:12,1
DA:13,1
DA:14,1
DA:15,1
DA:16,1
DA:17,1
DA:18,1
DA:19,1
DA:20,20
DA:21,20
DA:22,20
DA:23,20
DA:24,20
DA:25,20
DA:26,20
DA:27,20
DA:28,20
DA:29,20
DA:30,20
DA:31,20
DA:32,20
DA:33,1
DA:34,1
DA:35,1
DA:36,20
DA:37,20
DA:38,20
DA:39,20
DA:40,20
DA:41,20
DA:42,20
DA:43,20
DA:44,20
DA:45,20
DA:46,20
DA:47,20
DA:48,20
DA:49,20
DA:50,1
DA:51,1
DA:52,20
DA:53,20
DA:54,20
DA:55,20
DA:56,20
DA:57,20
DA:58,20
DA:59,20
DA:60,20
DA:61,20
DA:62,20
DA:63,20
DA:64,20
DA:65,20
DA:66,20
DA:67,20
DA:68,1
DA:69,1
DA:70,1
DA:71,1
DA:72,1
DA:73,1
DA:74,1
DA:75,1
DA:76,1
LF:76
LH:76
BRDA:8,0,0,1
BRDA:19,1,0,20
BRDA:35,2,0,20
BRDA:51,3,0,20
BRF:4
BRH:4
end_of_record
TN:
SF:src\api\api.ts
FN:12,createUrlApiMarvel
FN:16,completeUrlApiMarvel
FNF:2
FNH:2
FNDA:1,createUrlApiMarvel
FNDA:60,completeUrlApiMarvel
DA:1,1
DA:2,1
DA:3,1
DA:4,1
DA:5,1
DA:6,1
DA:7,1
DA:8,1
DA:9,1
DA:10,1
DA:11,1
DA:12,1
DA:13,1
DA:14,1
DA:15,1
DA:16,60
DA:17,60
DA:18,60
DA:19,1
DA:20,1
LF:20
LH:20
BRDA:12,0,0,1
BRDA:16,1,0,60
BRF:2
BRH:2
end_of_record
TN:
SF:src\character\character.controller.ts
FN:5,create
FN:10,findById
FN:15,findAll
FN:20,updateById
FN:25,deleteById
FN:30,findByName
FN:35,findComicsByCharacter
FNF:7
FNH:7
FNDA:3,create
FNDA:2,findById
FNDA:1,findAll
FNDA:1,updateById
FNDA:1,deleteById
FNDA:1,findByName
FNDA:1,findComicsByCharacter
DA:1,1
DA:2,1
DA:3,1
DA:4,1
DA:5,1
DA:6,3
DA:7,3
DA:8,3
DA:9,1
DA:10,1
DA:11,2
DA:12,2
DA:13,2
DA:14,1
DA:15,1
DA:16,1
DA:17,1
DA:18,1
DA:19,1
DA:20,1
DA:21,1
DA:22,1
DA:23,1
DA:24,1
DA:25,1
DA:26,1
DA:27,1
DA:28,1
DA:29,1
DA:30,1
DA:31,1
DA:32,1
DA:33,1
DA:34,1
DA:35,1
DA:36,1
DA:37,1
DA:38,1
DA:39,1
DA:40,1
DA:41,1
DA:42,1
DA:43,1
DA:44,1
DA:45,1
LF:45
LH:45
BRDA:5,0,0,3
BRDA:10,1,0,2
BRDA:15,2,0,1
BRDA:20,3,0,1
BRDA:25,4,0,1
BRDA:30,5,0,1
BRDA:35,6,0,1
BRDA:39,7,0,20
BRF:8
BRH:8
end_of_record
TN:
SF:src\character\character.schema.ts
FNF:0
FNH:0
DA:1,1
DA:2,1
DA:3,1
DA:4,1
DA:5,1
DA:6,1
DA:7,1
DA:8,1
DA:9,1
DA:10,1
DA:11,1
DA:12,1
DA:13,1
DA:14,1
DA:15,1
LF:15
LH:15
BRF:0
BRH:0
end_of_record
TN:
SF:src\character\character.service.ts
FN:4,create
FN:9,findById
FN:14,findAll
FN:19,updateById
FN:24,deleteById
FN:29,findByName
FN:34,findComicsByName
FNF:7
FNH:6
FNDA:23,create
FNDA:2,findById
FNDA:1,findAll
FNDA:1,updateById
FNDA:1,deleteById
FNDA:2,findByName
FNDA:0,findComicsByName
DA:1,1
DA:2,1
DA:3,1
DA:4,1
DA:5,23
DA:6,23
DA:7,23
DA:8,1
DA:9,1
DA:10,2
DA:11,2
DA:12,2
DA:13,1
DA:14,1
DA:15,1
DA:16,1
DA:17,1
DA:18,1
DA:19,1
DA:20,1
DA:21,1
DA:22,1
DA:23,1
DA:24,1
DA:25,1
DA:26,1
DA:27,1
DA:28,1
DA:29,1
DA:30,2
DA:31,2
DA:32,2
DA:33,1
DA:34,1
DA:35,0
DA:36,0
DA:37,0
DA:38,1
LF:38
LH:35
BRDA:4,0,0,23
BRDA:9,1,0,2
BRDA:14,2,0,1
BRDA:19,3,0,1
BRDA:24,4,0,1
BRDA:29,5,0,2
BRF:6
BRH:6
end_of_record
TN:
SF:src\comic\comic.controller.ts
FN:5,create
FN:10,findById
FN:15,findAll
FN:20,updateById
FN:25,deleteById
FN:30,findByTitle
FN:35,findByCreator
FN:40,findCreatorsByRole
FNF:8
FNH:7
FNDA:3,create
FNDA:0,findById
FNDA:1,findAll
FNDA:1,updateById
FNDA:1,deleteById
FNDA:1,findByTitle
FNDA:1,findByCreator
FNDA:1,findCreatorsByRole
DA:1,1
DA:2,1
DA:3,1
DA:4,1
DA:5,1
DA:6,3
DA:7,3
DA:8,3
DA:9,1
DA:10,1
DA:11,0
DA:12,0
DA:13,0
DA:14,1
DA:15,1
DA:16,1
DA:17,1
DA:18,1
DA:19,1
DA:20,1
DA:21,1
DA:22,1
DA:23,1
DA:24,1
DA:25,1
DA:26,1
DA:27,1
DA:28,1
DA:29,1
DA:30,1
DA:31,1
DA:32,1
DA:33,1
DA:34,1
DA:35,1
DA:36,1
DA:37,1
DA:38,1
DA:39,1
DA:40,1
DA:41,1
DA:42,1
DA:43,1
DA:44,1
DA:45,1
DA:46,1
LF:46
LH:43
BRDA:5,0,0,3
BRDA:15,1,0,1
BRDA:20,2,0,1
BRDA:25,3,0,1
BRDA:30,4,0,1
BRDA:35,5,0,1
BRDA:40,6,0,1
BRF:7
BRH:7
end_of_record
TN:
SF:src\comic\comic.schema.ts
FNF:0
FNH:0
DA:1,1
DA:2,1
DA:3,1
DA:4,1
DA:5,1
DA:6,1
DA:7,1
DA:8,1
DA:9,1
DA:10,1
DA:11,1
DA:12,1
DA:13,1
DA:14,1
DA:15,1
DA:16,1
LF:16
LH:16
BRF:0
BRH:0
end_of_record
TN:
SF:src\comic\comic.service.ts
FN:4,create
FN:9,findById
FN:14,findAll
FN:19,updateById
FN:24,deleteById
FN:29,findByTitle
FN:34,findByCreator
FN:39,findCreatorsByRole
FNF:8
FNH:7
FNDA:23,create
FNDA:0,findById
FNDA:1,findAll
FNDA:1,updateById
FNDA:1,deleteById
FNDA:1,findByTitle
FNDA:1,findByCreator
FNDA:1,findCreatorsByRole
DA:1,1
DA:2,1
DA:3,1
DA:4,1
DA:5,23
DA:6,23
DA:7,23
DA:8,1
DA:9,1
DA:10,0
DA:11,0
DA:12,0
DA:13,1
DA:14,1
DA:15,1
DA:16,1
DA:17,1
DA:18,1
DA:19,1
DA:20,1
DA:21,1
DA:22,1
DA:23,1
DA:24,1
DA:25,1
DA:26,1
DA:27,1
DA:28,1
DA:29,1
DA:30,1
DA:31,1
DA:32,1
DA:33,1
DA:34,1
DA:35,1
DA:36,1
DA:37,1
DA:38,1
DA:39,1
DA:40,1
DA:41,1
DA:42,1
DA:43,1
LF:43
LH:40
BRDA:4,0,0,23
BRDA:14,1,0,1
BRDA:19,2,0,1
BRDA:24,3,0,1
BRDA:29,4,0,1
BRDA:34,5,0,1
BRDA:39,6,0,1
BRF:7
BRH:7
end_of_record
TN:
SF:src\creator\creator.controller.ts
FN:5,create
FN:10,findById
FN:15,findAll
FN:20,updateById
FN:25,deleteById
FNF:5
FNH:4
FNDA:3,create
FNDA:0,findById
FNDA:1,findAll
FNDA:1,updateById
FNDA:1,deleteById
DA:1,1
DA:2,1
DA:3,1
DA:4,1
DA:5,1
DA:6,3
DA:7,3
DA:8,3
DA:9,1
DA:10,1
DA:11,0
DA:12,0
DA:13,0
DA:14,1
DA:15,1
DA:16,1
DA:17,1
DA:18,1
DA:19,1
DA:20,1
DA:21,1
DA:22,1
DA:23,1
DA:24,1
DA:25,1
DA:26,1
DA:27,1
DA:28,1
DA:29,1
DA:30,1
DA:31,1
LF:31
LH:28
BRDA:5,0,0,3
BRDA:15,1,0,1
BRDA:20,2,0,1
BRDA:25,3,0,1
BRF:4
BRH:4
end_of_record
TN:
SF:src\creator\creator.schema.ts
FNF:0
FNH:0
DA:1,1
DA:2,1
DA:3,1
DA:4,1
DA:5,1
DA:6,1
DA:7,1
DA:8,1
DA:9,1
DA:10,1
DA:11,1
DA:12,1
DA:13,1
LF:13
LH:13
BRF:0
BRH:0
end_of_record
TN:
SF:src\creator\creator.service.ts
FN:4,create
FN:9,findById
FN:14,findAll
FN:19,updateById
FN:24,deleteById
FNF:5
FNH:4
FNDA:23,create
FNDA:0,findById
FNDA:1,findAll
FNDA:1,updateById
FNDA:1,deleteById
DA:1,1
DA:2,1
DA:3,1
DA:4,1
DA:5,23
DA:6,23
DA:7,23
DA:8,1
DA:9,1
DA:10,0
DA:11,0
DA:12,0
DA:13,1
DA:14,1
DA:15,1
DA:16,1
DA:17,1
DA:18,1
DA:19,1
DA:20,1
DA:21,1
DA:22,1
DA:23,1
DA:24,1
DA:25,1
DA:26,1
DA:27,1
DA:28,1
LF:28
LH:25
BRDA:4,0,0,23
BRDA:14,1,0,1
BRDA:19,2,0,1
BRDA:24,3,0,1
BRF:4
BRH:4
end_of_record
